  glad.c
  shade.cpp
D:\计算机图形学\Assignment0\Project1\camera.h(17,25): warning C4838: 从“float”转换到“const int”需要收缩转换
D:\计算机图形学\Assignment0\Project1\camera.h(17,25): warning C4244: “初始化”: 从“float”转换到“const int”，可能丢失数据
D:\计算机图形学\Assignment0\Project1\camera.h(17,30): warning C4838: 从“float”转换到“const int”需要收缩转换
D:\计算机图形学\Assignment0\Project1\camera.h(17,30): warning C4244: “初始化”: 从“float”转换到“const int”，可能丢失数据
D:\计算机图形学\Assignment0\Project1\camera.h(17,35): warning C4838: 从“float”转换到“const int”需要收缩转换
D:\计算机图形学\Assignment0\Project1\camera.h(17,35): warning C4244: “初始化”: 从“float”转换到“const int”，可能丢失数据
D:\计算机图形学\Assignment0\Project1\camera.h(17,40): warning C4838: 从“float”转换到“const int”需要收缩转换
D:\计算机图形学\Assignment0\Project1\camera.h(17,40): warning C4244: “初始化”: 从“float”转换到“const int”，可能丢失数据
D:\计算机图形学\Assignment0\Project1\camera.h(17,45): warning C4838: 从“float”转换到“const int”需要收缩转换
D:\计算机图形学\Assignment0\Project1\camera.h(17,45): warning C4244: “初始化”: 从“float”转换到“const int”，可能丢失数据
D:\计算机图形学\Assignment0\Project1\camera.h(17,50): warning C4838: 从“float”转换到“const int”需要收缩转换
D:\计算机图形学\Assignment0\Project1\camera.h(17,50): warning C4244: “初始化”: 从“float”转换到“const int”，可能丢失数据
D:\计算机图形学\Assignment0\Project1\shade.cpp(126,17): warning C4244: “初始化”: 从“double”转换到“float”，可能丢失数据
D:\计算机图形学\Assignment0\Project1\shade.cpp(370,30): warning C4018: “<”: 有符号/无符号不匹配
LINK : warning LNK4098: 默认库“MSVCRT”与其他库的使用冲突；请使用 /NODEFAULTLIB:library
glfw3.lib(window.obj) : error LNK2001: 无法解析的外部符号 __imp_strncpy
glfw3.lib(input.obj) : error LNK2001: 无法解析的外部符号 __imp_strncpy
glfw3.lib(win32_joystick.obj) : error LNK2001: 无法解析的外部符号 __imp_strncpy
glfw3.lib(monitor.obj) : error LNK2001: 无法解析的外部符号 __imp_strncpy
glfw3.lib(input.obj) : error LNK2001: 无法解析的外部符号 __imp_strspn
glfw3.lib(init.obj) : error LNK2001: 无法解析的外部符号 __imp_strtok
D:\计算机图形学\Assignment0\x64\Release\CG Project.exe : fatal error LNK1120: 3 个无法解析的外部命令
